Arguments: 
  C:\Program Files\nodejs\node.exe C:\Users\ews29\AppData\Roaming\npm\node_modules\yarn\bin\yarn.js add @types/fs

PATH: 
  C:\Program Files\PowerShell\7;C:\Program Files\Eclipse Adoptium\jdk-17.0.1.12-hotspot\bin;C:\Program Files\Common Files\Oracle\Java\javapath;C:\Python39\Scripts\;C:\Python39\;C:\Program Files (x86)\Razer Chroma SDK\bin;C:\Program Files\Razer Chroma SDK\bin;C:\Program Files (x86)\Razer\ChromaBroadcast\bin;C:\Program Files\Razer\ChromaBroadcast\bin;C:\windows\system32;C:\windows;C:\windows\System32\Wbem;C:\windows\System32\WindowsPowerShell\v1.0\;C:\windows\System32\OpenSSH\;C:\Program Files (x86)\NVIDIA Corporation\PhysX\Common;C:\Program Files\NVIDIA Corporation\NVIDIA NvDLISR;C:\windows\system32\config\systemprofile\AppData\Local\Microsoft\WindowsApps;C:\Program Files\dotnet\;C:\Program Files\Microsoft SQL Server\130\Tools\Binn\;C:\Users\ews29\AppData\Local\Microsoft\WindowsApps;C:\Users\ews29\.dotnet\tools;C:\Program Files\Microsoft SQL Server\Client SDK\ODBC\170\Tools\Binn\;C:\WINDOWS\system32;C:\WINDOWS;C:\WINDOWS\System32\Wbem;C:\WINDOWS\System32\WindowsPowerShell\v1.0\;C:\WINDOWS\System32\OpenSSH\;C:\Program Files\Git\cmd;C:\ProgramData\chocolatey\bin;C:\Program Files\nodejs\;C:\Program Files\Neovim\bin\nvim.exe;C:\Program Files\PowerShell\7\;C:\Users\ews29\scoop\shims;D:\Nvidia Codeworks\NVPACK\android-sdk-windows\extras\android\support;D:\Nvidia Codeworks\NVPACK\android-sdk-windows\build-tools;D:\Nvidia Codeworks\NVPACK\android-sdk-windows\platform-tools;D:\Nvidia Codeworks\NVPACK\android-sdk-windows\tools;D:\Nvidia Codeworks\NVPACK\gradle-4.4.1\bin;D:\Nvidia Codeworks\NVPACK\jdk1.8.0_77\bin;;D:\PyCharm\PyCharm Community Edition 2020.2.3\bin;C:\Users\ews29\AppData\Local\GitHubDesktop\bin;C:\Users\ews29\AppData\Local\atom\bin;D:\QEMU;C:\Users\ews29\AppData\Local\Programs\Microsoft VS Code\bin;C:\Program Files (x86)\GitHub CLI\;C:\Users\ews29\AppData\Roaming\npm;C:\Users\ews29\AppData\Local\Programs\oh-my-posh\bin;C:\Users\ews29\AppData\Local\Programs\oh-my-posh\themes

Yarn version: 
  1.22.17

Node version: 
  16.4.0

Platform: 
  win32 x64

Trace: 
  Error: https://registry.yarnpkg.com/@types%2ffs: Not found
      at Request.params.callback [as _callback] (C:\Users\ews29\AppData\Roaming\npm\node_modules\yarn\lib\cli.js:67029:18)
      at Request.self.callback (C:\Users\ews29\AppData\Roaming\npm\node_modules\yarn\lib\cli.js:140883:22)
      at Request.emit (node:events:394:28)
      at Request.<anonymous> (C:\Users\ews29\AppData\Roaming\npm\node_modules\yarn\lib\cli.js:141855:10)
      at Request.emit (node:events:394:28)
      at IncomingMessage.<anonymous> (C:\Users\ews29\AppData\Roaming\npm\node_modules\yarn\lib\cli.js:141777:12)
      at Object.onceWrapper (node:events:513:28)
      at IncomingMessage.emit (node:events:406:35)
      at endReadableNT (node:internal/streams/readable:1329:12)
      at processTicksAndRejections (node:internal/process/task_queues:83:21)

npm manifest: 
  {
    "name": "shell-utils",
    "version": "1.0.0",
    "main": "cli.js",
    "author": "ewsgit",
    "license": "MIT",
    "private": false,
    "type": "module",
    "dependencies": {
      "colors": "^1.4.0",
      "fetch": "^1.1.0",
      "node-fetch": "^3.0.0"
    },
    "bin": {
      "shell-utils": "./cli.js",
      "shu": "./cli.js",
      "s": "./cli.js"
    }
  }

yarn manifest: 
  No manifest

Lockfile: 
  # THIS IS AN AUTOGENERATED FILE. DO NOT EDIT THIS FILE DIRECTLY.
  # yarn lockfile v1
  
  
  biskviit@1.0.1:
    version "1.0.1"
    resolved "https://registry.yarnpkg.com/biskviit/-/biskviit-1.0.1.tgz#037a0cd4b71b9e331fd90a1122de17dc49e420a7"
    integrity sha1-A3oM1LcbnjMf2QoRIt4X3EnkIKc=
    dependencies:
      psl "^1.1.7"
  
  colors@^1.4.0:
    version "1.4.0"
    resolved "https://registry.yarnpkg.com/colors/-/colors-1.4.0.tgz#c50491479d4c1bdaed2c9ced32cf7c7dc2360f78"
    integrity sha512-a+UqTh4kgZg/SlGvfbzDHpgRu7AAQOmmqRHJnxhRZICKFUT91brVhNNt58CMWU9PsBbv3PDCZUHbVxuDiH2mtA==
  
  data-uri-to-buffer@^3.0.1:
    version "3.0.1"
    resolved "https://registry.yarnpkg.com/data-uri-to-buffer/-/data-uri-to-buffer-3.0.1.tgz#594b8973938c5bc2c33046535785341abc4f3636"
    integrity sha512-WboRycPNsVw3B3TL559F7kuBUM4d8CgMEvk6xEJlOp7OBPjt6G7z8WMWlD2rOFZLk6OYfFIUGsCOWzcQH9K2og==
  
  encoding@0.1.12:
    version "0.1.12"
    resolved "https://registry.yarnpkg.com/encoding/-/encoding-0.1.12.tgz#538b66f3ee62cd1ab51ec323829d1f9480c74beb"
    integrity sha1-U4tm8+5izRq1HsMjgp0flIDHS+s=
    dependencies:
      iconv-lite "~0.4.13"
  
  fetch-blob@^3.1.2:
    version "3.1.3"
    resolved "https://registry.yarnpkg.com/fetch-blob/-/fetch-blob-3.1.3.tgz#a7dca4855e39d3e3c5a1da62d4ee335c37d26012"
    integrity sha512-ax1Y5I9w+9+JiM+wdHkhBoxew+zG4AJ2SvAD1v1szpddUIiPERVGBxrMcB2ZqW0Y3PP8bOWYv2zqQq1Jp2kqUQ==
    dependencies:
      web-streams-polyfill "^3.0.3"
  
  fetch@^1.1.0:
    version "1.1.0"
    resolved "https://registry.yarnpkg.com/fetch/-/fetch-1.1.0.tgz#0a8279f06be37f9f0ebb567560a30a480da59a2e"
    integrity sha1-CoJ58Gvjf58Ou1Z1YKMKSA2lmi4=
    dependencies:
      biskviit "1.0.1"
      encoding "0.1.12"
  
  iconv-lite@~0.4.13:
    version "0.4.24"
    resolved "https://registry.yarnpkg.com/iconv-lite/-/iconv-lite-0.4.24.tgz#2022b4b25fbddc21d2f524974a474aafe733908b"
    integrity sha512-v3MXnZAcvnywkTUEZomIActle7RXXeedOR31wwl7VlyoXO4Qi9arvSenNQWne1TcRwhCL1HwLI21bEqdpj8/rA==
    dependencies:
      safer-buffer ">= 2.1.2 < 3"
  
  node-fetch@^3.0.0:
    version "3.0.0"
    resolved "https://registry.yarnpkg.com/node-fetch/-/node-fetch-3.0.0.tgz#79da7146a520036f2c5f644e4a26095f17e411ea"
    integrity sha512-bKMI+C7/T/SPU1lKnbQbwxptpCrG9ashG+VkytmXCPZyuM9jB6VU+hY0oi4lC8LxTtAeWdckNCTa3nrGsAdA3Q==
    dependencies:
      data-uri-to-buffer "^3.0.1"
      fetch-blob "^3.1.2"
  
  psl@^1.1.7:
    version "1.8.0"
    resolved "https://registry.yarnpkg.com/psl/-/psl-1.8.0.tgz#9326f8bcfb013adcc005fdff056acce020e51c24"
    integrity sha512-RIdOzyoavK+hA18OGGWDqUTsCLhtA7IcZ/6NCs4fFJaHBDab+pDDmDIByWFRQJq2Cd7r1OoQxBGKOaztq+hjIQ==
  
  "safer-buffer@>= 2.1.2 < 3":
    version "2.1.2"
    resolved "https://registry.yarnpkg.com/safer-buffer/-/safer-buffer-2.1.2.tgz#44fa161b0187b9549dd84bb91802f9bd8385cd6a"
    integrity sha512-YZo3K82SD7Riyi0E1EQPojLz7kpepnSQI9IyPbHHg1XXXevb5dJI7tpyN2ADxGcQbHG7vcyRHk0cbwqcQriUtg==
  
  web-streams-polyfill@^3.0.3:
    version "3.1.1"
    resolved "https://registry.yarnpkg.com/web-streams-polyfill/-/web-streams-polyfill-3.1.1.tgz#1516f2d4ea8f1bdbfed15eb65cb2df87098c8364"
    integrity sha512-Czi3fG883e96T4DLEPRvufrF2ydhOOW1+1a6c3gNjH2aIh50DNFBdfwh2AKoOf1rXvpvavAoA11Qdq9+BKjE0Q==
